0 verbose cli /home/crisjo/.local/share/fnm/node-versions/v20.15.1/installation/bin/node /run/user/1000/fnm_multishells/3712_1721623320482/bin/npm
1 info using npm@10.7.0
2 info using node@v20.15.1
3 silly config:load:file:/home/crisjo/.local/share/fnm/node-versions/v20.15.1/installation/lib/node_modules/npm/npmrc
4 silly config:load:file:/home/crisjo/myapp/.npmrc
5 silly config:load:file:/home/crisjo/.npmrc
6 silly config:load:file:/home/crisjo/.local/share/fnm/node-versions/v20.15.1/installation/etc/npmrc
7 verbose title npm init
8 verbose argv "init" "--yes"
9 verbose logfile logs-max:10 dir:/home/crisjo/.npm/_logs/2024-07-22T04_44_25_214Z-
10 verbose logfile /home/crisjo/.npm/_logs/2024-07-22T04_44_25_214Z-debug-0.log
11 silly logfile done cleaning log files
12 silly package data {
12 silly package data   name: 'myapp',
12 silly package data   version: '1.0.0',
12 silly package data   main: 'app.js',
12 silly package data   scripts: { test: 'echo "Error: no test specified" && exit 1' },
12 silly package data   keywords: [],
12 silly package data   author: '',
12 silly package data   license: 'ISC',
12 silly package data   description: ''
12 silly package data }
13 verbose exit 0
14 info ok
